<?xml version="1.0" encoding="UTF-8"?>
<!-- Generated by org.testng.reporters.JUnitReportReporter -->
<testsuite hostname="LIPU-PC" failures="0" tests="1" name="testRunner_project7.TestRunner_project7" time="7.256" errors="0" timestamp="2023-08-19T17:36:20 EDT" skipped="0">
  <testcase classname="testRunner_project7.TestRunner_project7" name="feature" time="7.256"/>
  <system-out/>
</testsuite> <!-- testRunner_project7.TestRunner_project7 -->
